<?xml version="1.0" encoding="UTF-8"?>
<testng-results skipped="0" failed="0" ignored="0" total="1" passed="1">
  <reporter-output>
  </reporter-output>
  <suite name="Default suite" duration-ms="7615" started-at="2021-08-03T17:04:23 CDT" finished-at="2021-08-03T17:04:30 CDT">
    <groups>
    </groups>
    <test name="Default test" duration-ms="7615" started-at="2021-08-03T17:04:23 CDT" finished-at="2021-08-03T17:04:30 CDT">
      <class name="com.zsquared.apitesting.SumValidation">
        <test-method status="PASS" signature="sumOfCourses()[pri:0, instance:com.zsquared.apitesting.SumValidation@480bdb19]" name="sumOfCourses" duration-ms="7446" started-at="2021-08-03T17:04:23 CDT" finished-at="2021-08-03T17:04:30 CDT">
          <reporter-output>
          </reporter-output>
        </test-method> <!-- sumOfCourses -->
      </class> <!-- com.zsquared.apitesting.SumValidation -->
    </test> <!-- Default test -->
  </suite> <!-- Default suite -->
</testng-results>
